[0729/180918.288:ERROR:directory_reader_win.cc(43)] FindFirstFile: System nie mo¿e odnaleŸæ okreœlonej œcie¿ki. (0x3)
[0729/193317.074:ERROR:directory_reader_win.cc(43)] FindFirstFile: System nie mo¿e odnaleŸæ okreœlonej œcie¿ki. (0x3)
[0813/083722.264:ERROR:directory_reader_win.cc(43)] FindFirstFile: System nie mo¿e odnaleŸæ okreœlonej œcie¿ki. (0x3)
[0813/103058.646:ERROR:process_info.cc(329)] VirtualQueryEx: Odmowa dostêpu. (0x5)
[0813/103058.646:ERROR:process_info.cc(556)] ReadMemoryInfo failed
[0813/103058.647:ERROR:scoped_process_suspend.cc(40)] NtResumeProcess: Podjêto próbê uzyskania dostêpu do procesu koñcz¹cego dzia³anie. (0xc000010a)
[0813/103058.661:ERROR:process_reader_win.cc(127)] NtOpenThread: {Odmowa dostêpu} Proces za¿¹da³ dostêpu do obiektu, ale prawa dostêpu nie zosta³y przyznane. (0xc0000022)
[0813/103058.661:ERROR:exception_snapshot_win.cc(100)] thread ID 16120 not found in process
[0813/103058.662:ERROR:process_reader_win.cc(127)] NtOpenThread: {Odmowa dostêpu} Proces za¿¹da³ dostêpu do obiektu, ale prawa dostêpu nie zosta³y przyznane. (0xc0000022)
[0813/103058.663:ERROR:exception_snapshot_win.cc(100)] thread ID 12780 not found in process
[0813/103058.662:ERROR:process_reader_win.cc(127)] NtOpenThread: {Odmowa dostêpu} Proces za¿¹da³ dostêpu do obiektu, ale prawa dostêpu nie zosta³y przyznane. (0xc0000022)
[0813/103058.663:ERROR:exception_snapshot_win.cc(100)] thread ID 6724 not found in process
[0813/103058.680:ERROR:process_reader_win.cc(127)] NtOpenThread: {Odmowa dostêpu} Proces za¿¹da³ dostêpu do obiektu, ale prawa dostêpu nie zosta³y przyznane. (0xc0000022)
[0813/103058.680:ERROR:exception_snapshot_win.cc(100)] thread ID 13168 not found in process
[0813/103058.689:ERROR:process_reader_win.cc(127)] NtOpenThread: {Odmowa dostêpu} Proces za¿¹da³ dostêpu do obiektu, ale prawa dostêpu nie zosta³y przyznane. (0xc0000022)
[0813/103058.689:ERROR:exception_snapshot_win.cc(100)] thread ID 12992 not found in process
[0813/103058.693:ERROR:process_reader_win.cc(127)] NtOpenThread: {Odmowa dostêpu} Proces za¿¹da³ dostêpu do obiektu, ale prawa dostêpu nie zosta³y przyznane. (0xc0000022)
[0813/103058.693:ERROR:exception_snapshot_win.cc(100)] thread ID 1860 not found in process
[0813/103058.711:ERROR:minidumpwritedump_with_crashpad_info.cc(452)] Failed to call MiniDumpWriteDump: Ukoñczono tylko czêœæ ¿¹dania ReadProcessMemory lub WriteProcessMemory. (0x8007012B)
[0813/103058.711:ERROR:minidumpwritedump_with_crashpad_info.cc(661)] Failed to write minidump file
[0813/103058.711:ERROR:crash_report_exception_handler.cc(134)] TryMiniDumpWriteDumpWithCrashpadInfo failed
[0813/103058.717:ERROR:process_memory_win.cc(73)] ReadMemory at 0x26bd7cb4fa0 of 72 bytes failed: Ukoñczono tylko czêœæ ¿¹dania ReadProcessMemory lub WriteProcessMemory. (0x12B)
[0813/103058.717:WARNING:pe_image_annotations_reader.cc(135)] could not read annotations list object in C:\Program Files (x86)\Microsoft\Edge Dev\Application\86.0.594.1\msedge_elf.dll
[0813/103058.718:ERROR:process_memory_win.cc(73)] ReadMemory at 0x26bd7d04840 of 72 bytes failed: Ukoñczono tylko czêœæ ¿¹dania ReadProcessMemory lub WriteProcessMemory. (0x12B)
[0813/103058.718:WARNING:pe_image_annotations_reader.cc(135)] could not read annotations list object in C:\Program Files (x86)\Microsoft\Edge Dev\Application\86.0.594.1\msedge.dll
[0813/103058.741:ERROR:process_reader_win.cc(127)] NtOpenThread: {Odmowa dostêpu} Proces za¿¹da³ dostêpu do obiektu, ale prawa dostêpu nie zosta³y przyznane. (0xc0000022)
[0813/103058.742:ERROR:exception_snapshot_win.cc(100)] thread ID 13092 not found in process
[0813/103058.771:ERROR:process_memory_win.cc(73)] ReadMemory at 0x26bd7cb4fa0 of 72 bytes failed: Ukoñczono tylko czêœæ ¿¹dania ReadProcessMemory lub WriteProcessMemory. (0x12B)
[0813/103058.771:WARNING:pe_image_annotations_reader.cc(135)] could not read annotations list object in C:\Program Files (x86)\Microsoft\Edge Dev\Application\86.0.594.1\msedge_elf.dll
[0813/103058.771:ERROR:process_memory_win.cc(73)] ReadMemory at 0x26bd7d04840 of 72 bytes failed: Ukoñczono tylko czêœæ ¿¹dania ReadProcessMemory lub WriteProcessMemory. (0x12B)
[0813/103058.772:WARNING:pe_image_annotations_reader.cc(135)] could not read annotations list object in C:\Program Files (x86)\Microsoft\Edge Dev\Application\86.0.594.1\msedge.dll
[0813/103058.776:ERROR:process_memory_win.cc(73)] ReadMemory at 0x7ff7b1d50000 of 64 bytes failed: Ukoñczono tylko czêœæ ¿¹dania ReadProcessMemory lub WriteProcessMemory. (0x12B)
[0813/103058.776:WARNING:pe_image_reader.cc(340)] could not read dos header from C:\Program Files (x86)\Microsoft\Edge Dev\Application\msedge.exe
[0813/103058.776:ERROR:process_memory_win.cc(73)] ReadMemory at 0x26bd7cb4fa0 of 72 bytes failed: Ukoñczono tylko czêœæ ¿¹dania ReadProcessMemory lub WriteProcessMemory. (0x12B)
[0813/103058.777:WARNING:pe_image_annotations_reader.cc(135)] could not read annotations list object in C:\Program Files (x86)\Microsoft\Edge Dev\Application\86.0.594.1\msedge_elf.dll
[0813/103058.777:ERROR:process_memory_win.cc(73)] ReadMemory at 0x7ff9c5440000 of 64 bytes failed: Ukoñczono tylko czêœæ ¿¹dania ReadProcessMemory lub WriteProcessMemory. (0x12B)
[0813/103058.777:WARNING:pe_image_reader.cc(340)] could not read dos header from C:\Program Files (x86)\Microsoft\Edge Dev\Application\86.0.594.1\msedge.dll
[0813/103058.778:ERROR:process_memory_win.cc(73)] ReadMemory at 0x7ff7b1d50000 of 64 bytes failed: Ukoñczono tylko czêœæ ¿¹dania ReadProcessMemory lub WriteProcessMemory. (0x12B)
[0813/103058.778:WARNING:pe_image_reader.cc(340)] could not read dos header from C:\Program Files (x86)\Microsoft\Edge Dev\Application\msedge.exe
[0813/103058.779:ERROR:process_memory_win.cc(73)] ReadMemory at 0x26bd7cb4fa0 of 72 bytes failed: Ukoñczono tylko czêœæ ¿¹dania ReadProcessMemory lub WriteProcessMemory. (0x12B)
[0813/103058.779:WARNING:pe_image_annotations_reader.cc(135)] could not read annotations list object in C:\Program Files (x86)\Microsoft\Edge Dev\Application\86.0.594.1\msedge_elf.dll
[0813/103058.779:ERROR:process_memory_win.cc(73)] ReadMemory at 0x7ff9c5440000 of 64 bytes failed: Ukoñczono tylko czêœæ ¿¹dania ReadProcessMemory lub WriteProcessMemory. (0x12B)
[0813/103058.779:WARNING:pe_image_reader.cc(340)] could not read dos header from C:\Program Files (x86)\Microsoft\Edge Dev\Application\86.0.594.1\msedge.dll
[0813/103058.806:ERROR:process_memory_win.cc(73)] ReadMemory at 0xfa82b59000 of 852 bytes failed: Ukoñczono tylko czêœæ ¿¹dania ReadProcessMemory lub WriteProcessMemory. (0x12B)
[0813/103058.806:ERROR:process_memory_win.cc(73)] ReadMemory at 0x26bd7a202c0 of 40 bytes failed: Ukoñczono tylko czêœæ ¿¹dania ReadProcessMemory lub WriteProcessMemory. (0x12B)
[0813/103058.806:ERROR:process_memory_win.cc(73)] ReadMemory at 0x26bd7a302c0 of 40 bytes failed: Ukoñczono tylko czêœæ ¿¹dania ReadProcessMemory lub WriteProcessMemory. (0x12B)
[0813/103058.806:ERROR:process_memory_win.cc(73)] ReadMemory at 0x26bd7c702c0 of 40 bytes failed: Ukoñczono tylko czêœæ ¿¹dania ReadProcessMemory lub WriteProcessMemory. (0x12B)
[0813/103058.806:ERROR:process_memory_win.cc(73)] ReadMemory at 0x26bd7ca02c0 of 40 bytes failed: Ukoñczono tylko czêœæ ¿¹dania ReadProcessMemory lub WriteProcessMemory. (0x12B)
[0813/103058.807:ERROR:process_memory_win.cc(73)] ReadMemory at 0x26bd7ca0fe0 of 20604 bytes failed: Ukoñczono tylko czêœæ ¿¹dania ReadProcessMemory lub WriteProcessMemory. (0x12B)
[0813/103058.808:ERROR:process_memory_win.cc(73)] ReadMemory at 0x26bd7ca6070 of 1012 bytes failed: Ukoñczono tylko czêœæ ¿¹dania ReadProcessMemory lub WriteProcessMemory. (0x12B)
[0813/103058.808:ERROR:process_memory_win.cc(73)] ReadMemory at 0x26bd7ca66b8 of 128 bytes failed: Ukoñczono tylko czêœæ ¿¹dania ReadProcessMemory lub WriteProcessMemory. (0x12B)
[0813/103058.808:ERROR:process_memory_win.cc(73)] ReadMemory at 0x26bd7ca673a of 804 bytes failed: Ukoñczono tylko czêœæ ¿¹dania ReadProcessMemory lub WriteProcessMemory. (0x12B)
[0813/103058.808:ERROR:process_memory_win.cc(73)] ReadMemory at 0x26bd7ca6a60 of 128 bytes failed: Ukoñczono tylko czêœæ ¿¹dania ReadProcessMemory lub WriteProcessMemory. (0x12B)
[0813/103058.808:ERROR:process_memory_win.cc(73)] ReadMemory at 0x26bd7ca6ae2 of 98 bytes failed: Ukoñczono tylko czêœæ ¿¹dania ReadProcessMemory lub WriteProcessMemory. (0x12B)
[0813/103058.809:ERROR:process_memory_win.cc(73)] ReadMemory at 0x26bd7ca6b50 of 58 bytes failed: Ukoñczono tylko czêœæ ¿¹dania ReadProcessMemory lub WriteProcessMemory. (0x12B)
[0813/103058.809:ERROR:process_memory_win.cc(73)] ReadMemory at 0x26bd7ca6c50 of 132 bytes failed: Ukoñczono tylko czêœæ ¿¹dania ReadProcessMemory lub WriteProcessMemory. (0x12B)
[0813/103058.809:ERROR:process_memory_win.cc(73)] ReadMemory at 0x26bd7ca6de0 of 132 bytes failed: Ukoñczono tylko czêœæ ¿¹dania ReadProcessMemory lub WriteProcessMemory. (0x12B)
[0813/103058.809:ERROR:process_memory_win.cc(73)] ReadMemory at 0x26bd7ca74a0 of 132 bytes failed: Ukoñczono tylko czêœæ ¿¹dania ReadProcessMemory lub WriteProcessMemory. (0x12B)
[0813/103058.809:ERROR:process_memory_win.cc(73)] ReadMemory at 0x26bd7ca7630 of 64 bytes failed: Ukoñczono tylko czêœæ ¿¹dania ReadProcessMemory lub WriteProcessMemory. (0x12B)
[0813/103058.811:ERROR:process_memory_win.cc(73)] ReadMemory at 0x26bd7ca77f0 of 132 bytes failed: Ukoñczono tylko czêœæ ¿¹dania ReadProcessMemory lub WriteProcessMemory. (0x12B)
[0813/103058.811:ERROR:process_memory_win.cc(73)] ReadMemory at 0x26bd7ca7a90 of 132 bytes failed: Ukoñczono tylko czêœæ ¿¹dania ReadProcessMemory lub WriteProcessMemory. (0x12B)
[0813/103058.811:ERROR:process_memory_win.cc(73)] ReadMemory at 0x26bd7ca7c20 of 68 bytes failed: Ukoñczono tylko czêœæ ¿¹dania ReadProcessMemory lub WriteProcessMemory. (0x12B)
[0813/103058.811:ERROR:process_memory_win.cc(73)] ReadMemory at 0x26bd7ca8c20 of 158 bytes failed: Ukoñczono tylko czêœæ ¿¹dania ReadProcessMemory lub WriteProcessMemory. (0x12B)
[0813/103058.812:ERROR:process_memory_win.cc(73)] ReadMemory at 0x26bd7cbc470 of 40 bytes failed: Ukoñczono tylko czêœæ ¿¹dania ReadProcessMemory lub WriteProcessMemory. (0x12B)
[0813/103058.812:ERROR:process_memory_win.cc(73)] ReadMemory at 0x26bd7cbe1e0 of 132 bytes failed: Ukoñczono tylko czêœæ ¿¹dania ReadProcessMemory lub WriteProcessMemory. (0x12B)
[0813/103058.812:ERROR:process_memory_win.cc(73)] ReadMemory at 0x26bd7cbe4f0 of 132 bytes failed: Ukoñczono tylko czêœæ ¿¹dania ReadProcessMemory lub WriteProcessMemory. (0x12B)
[0813/103058.812:ERROR:process_memory_win.cc(73)] ReadMemory at 0x26bd7cbf110 of 48 bytes failed: Ukoñczono tylko czêœæ ¿¹dania ReadProcessMemory lub WriteProcessMemory. (0x12B)
[0813/103058.812:ERROR:process_memory_win.cc(73)] ReadMemory at 0x26bd7cbfb90 of 48 bytes failed: Ukoñczono tylko czêœæ ¿¹dania ReadProcessMemory lub WriteProcessMemory. (0x12B)
[0813/103058.813:ERROR:process_memory_win.cc(73)] ReadMemory at 0x26bd7cc2110 of 132 bytes failed: Ukoñczono tylko czêœæ ¿¹dania ReadProcessMemory lub WriteProcessMemory. (0x12B)
[0813/103058.813:ERROR:process_memory_win.cc(73)] ReadMemory at 0x26bd7cc3840 of 60 bytes failed: Ukoñczono tylko czêœæ ¿¹dania ReadProcessMemory lub WriteProcessMemory. (0x12B)
[0813/103058.813:ERROR:process_memory_win.cc(73)] ReadMemory at 0x26bd7cc3de0 of 60 bytes failed: Ukoñczono tylko czêœæ ¿¹dania ReadProcessMemory lub WriteProcessMemory. (0x12B)
[0813/103058.814:ERROR:process_memory_win.cc(73)] ReadMemory at 0x26bd7cc4010 of 62 bytes failed: Ukoñczono tylko czêœæ ¿¹dania ReadProcessMemory lub WriteProcessMemory. (0x12B)
[0813/103058.814:ERROR:process_memory_win.cc(73)] ReadMemory at 0x26bd7cc41a0 of 64 bytes failed: Ukoñczono tylko czêœæ ¿¹dania ReadProcessMemory lub WriteProcessMemory. (0x12B)
[0813/103058.815:ERROR:process_memory_win.cc(73)] ReadMemory at 0x26bd7cc57a0 of 80 bytes failed: Ukoñczono tylko czêœæ ¿¹dania ReadProcessMemory lub WriteProcessMemory. (0x12B)
[0813/103058.815:ERROR:process_memory_win.cc(73)] ReadMemory at 0x26bd7cc69b0 of 132 bytes failed: Ukoñczono tylko czêœæ ¿¹dania ReadProcessMemory lub WriteProcessMemory. (0x12B)
[0813/103058.815:ERROR:process_memory_win.cc(73)] ReadMemory at 0x26bd7cc6b80 of 132 bytes failed: Ukoñczono tylko czêœæ ¿¹dania ReadProcessMemory lub WriteProcessMemory. (0x12B)
[0813/103058.815:ERROR:process_memory_win.cc(73)] ReadMemory at 0x26bd7cc6cd0 of 132 bytes failed: Ukoñczono tylko czêœæ ¿¹dania ReadProcessMemory lub WriteProcessMemory. (0x12B)
[0813/103058.816:ERROR:process_memory_win.cc(73)] ReadMemory at 0x26bd7cc6e00 of 150 bytes failed: Ukoñczono tylko czêœæ ¿¹dania ReadProcessMemory lub WriteProcessMemory. (0x12B)
[0813/103058.816:ERROR:process_memory_win.cc(73)] ReadMemory at 0x26bd7cc7100 of 132 bytes failed: Ukoñczono tylko czêœæ ¿¹dania ReadProcessMemory lub WriteProcessMemory. (0x12B)
[0813/103058.817:ERROR:process_memory_win.cc(73)] ReadMemory at 0x26bd7cc90e0 of 64 bytes failed: Ukoñczono tylko czêœæ ¿¹dania ReadProcessMemory lub WriteProcessMemory. (0x12B)
[0813/103058.817:ERROR:process_memory_win.cc(73)] ReadMemory at 0x26bd7cc9180 of 62 bytes failed: Ukoñczono tylko czêœæ ¿¹dania ReadProcessMemory lub WriteProcessMemory. (0x12B)
[0813/103058.817:ERROR:process_memory_win.cc(73)] ReadMemory at 0x26bd7cc93b0 of 64 bytes failed: Ukoñczono tylko czêœæ ¿¹dania ReadProcessMemory lub WriteProcessMemory. (0x12B)
[0813/103058.818:ERROR:process_memory_win.cc(73)] ReadMemory at 0x26bd7cc9400 of 64 bytes failed: Ukoñczono tylko czêœæ ¿¹dania ReadProcessMemory lub WriteProcessMemory. (0x12B)
[0813/103058.818:ERROR:process_memory_win.cc(73)] ReadMemory at 0x26bd7cc9450 of 62 bytes failed: Ukoñczono tylko czêœæ ¿¹dania ReadProcessMemory lub WriteProcessMemory. (0x12B)
[0813/103058.818:ERROR:process_memory_win.cc(73)] ReadMemory at 0x26bd7cc94a0 of 62 bytes failed: Ukoñczono tylko czêœæ ¿¹dania ReadProcessMemory lub WriteProcessMemory. (0x12B)
[0813/103058.819:ERROR:process_memory_win.cc(73)] ReadMemory at 0x26bd7cc94f0 of 64 bytes failed: Ukoñczono tylko czêœæ ¿¹dania ReadProcessMemory lub WriteProcessMemory. (0x12B)
[0813/103058.819:ERROR:process_memory_win.cc(73)] ReadMemory at 0x26bd7cc9540 of 64 bytes failed: Ukoñczono tylko czêœæ ¿¹dania ReadProcessMemory lub WriteProcessMemory. (0x12B)
[0813/103058.819:ERROR:process_memory_win.cc(73)] ReadMemory at 0x26bd7cc9680 of 60 bytes failed: Ukoñczono tylko czêœæ ¿¹dania ReadProcessMemory lub WriteProcessMemory. (0x12B)
[0813/103058.819:ERROR:process_memory_win.cc(73)] ReadMemory at 0x26bd7cc96d0 of 62 bytes failed: Ukoñczono tylko czêœæ ¿¹dania ReadProcessMemory lub WriteProcessMemory. (0x12B)
[0813/103058.820:ERROR:process_memory_win.cc(73)] ReadMemory at 0x26bd7cc9720 of 60 bytes failed: Ukoñczono tylko czêœæ ¿¹dania ReadProcessMemory lub WriteProcessMemory. (0x12B)
[0813/103058.820:ERROR:process_memory_win.cc(73)] ReadMemory at 0x26bd7cc9770 of 66 bytes failed: Ukoñczono tylko czêœæ ¿¹dania ReadProcessMemory lub WriteProcessMemory. (0x12B)
[0813/103058.820:ERROR:process_memory_win.cc(73)] ReadMemory at 0x26bd7cc97c0 of 62 bytes failed: Ukoñczono tylko czêœæ ¿¹dania ReadProcessMemory lub WriteProcessMemory. (0x12B)
[0813/103058.821:ERROR:process_memory_win.cc(73)] ReadMemory at 0x26bd7cc9810 of 60 bytes failed: Ukoñczono tylko czêœæ ¿¹dania ReadProcessMemory lub WriteProcessMemory. (0x12B)
[0813/103058.821:ERROR:process_memory_win.cc(73)] ReadMemory at 0x26bd7cc98b0 of 60 bytes failed: Ukoñczono tylko czêœæ ¿¹dania ReadProcessMemory lub WriteProcessMemory. (0x12B)
[0813/103058.822:ERROR:process_memory_win.cc(73)] ReadMemory at 0x26bd7cc9900 of 60 bytes failed: Ukoñczono tylko czêœæ ¿¹dania ReadProcessMemory lub WriteProcessMemory. (0x12B)
[0813/103058.822:ERROR:process_memory_win.cc(73)] ReadMemory at 0x26bd7cc9950 of 64 bytes failed: Ukoñczono tylko czêœæ ¿¹dania ReadProcessMemory lub WriteProcessMemory. (0x12B)
[0813/103058.822:ERROR:process_memory_win.cc(73)] ReadMemory at 0x26bd7cc99a0 of 62 bytes failed: Ukoñczono tylko czêœæ ¿¹dania ReadProcessMemory lub WriteProcessMemory. (0x12B)
[0813/103058.823:ERROR:process_memory_win.cc(73)] ReadMemory at 0x26bd7cc9a40 of 58 bytes failed: Ukoñczono tylko czêœæ ¿¹dania ReadProcessMemory lub WriteProcessMemory. (0x12B)
[0813/103058.823:ERROR:process_memory_win.cc(73)] ReadMemory at 0x26bd7cc9a90 of 62 bytes failed: Ukoñczono tylko czêœæ ¿¹dania ReadProcessMemory lub WriteProcessMemory. (0x12B)
[0813/103058.823:ERROR:process_memory_win.cc(73)] ReadMemory at 0x26bd7cc9b30 of 60 bytes failed: Ukoñczono tylko czêœæ ¿¹dania ReadProcessMemory lub WriteProcessMemory. (0x12B)
[0813/103058.824:ERROR:process_memory_win.cc(73)] ReadMemory at 0x26bd7cc9e50 of 66 bytes failed: Ukoñczono tylko czêœæ ¿¹dania ReadProcessMemory lub WriteProcessMemory. (0x12B)
[0813/103058.824:ERROR:process_memory_win.cc(73)] ReadMemory at 0x26bd7cc9ef0 of 60 bytes failed: Ukoñczono tylko czêœæ ¿¹dania ReadProcessMemory lub WriteProcessMemory. (0x12B)
[0813/103058.825:ERROR:process_memory_win.cc(73)] ReadMemory at 0x26bd7cc9f40 of 62 bytes failed: Ukoñczono tylko czêœæ ¿¹dania ReadProcessMemory lub WriteProcessMemory. (0x12B)
[0813/103058.825:ERROR:process_memory_win.cc(73)] ReadMemory at 0x26bd7cc9f90 of 62 bytes failed: Ukoñczono tylko czêœæ ¿¹dania ReadProcessMemory lub WriteProcessMemory. (0x12B)
[0813/103058.825:ERROR:process_memory_win.cc(73)] ReadMemory at 0x26bd7cc9fe0 of 64 bytes failed: Ukoñczono tylko czêœæ ¿¹dania ReadProcessMemory lub WriteProcessMemory. (0x12B)
[0813/103058.825:ERROR:process_memory_win.cc(73)] ReadMemory at 0x26bd7cca620 of 54 bytes failed: Ukoñczono tylko czêœæ ¿¹dania ReadProcessMemory lub WriteProcessMemory. (0x12B)
[0813/103058.826:ERROR:process_memory_win.cc(73)] ReadMemory at 0x26bd7ccb060 of 132 bytes failed: Ukoñczono tylko czêœæ ¿¹dania ReadProcessMemory lub WriteProcessMemory. (0x12B)
[0813/103058.826:ERROR:process_memory_win.cc(73)] ReadMemory at 0x26bd7ccb3c0 of 132 bytes failed: Ukoñczono tylko czêœæ ¿¹dania ReadProcessMemory lub WriteProcessMemory. (0x12B)
[0813/103058.826:ERROR:process_memory_win.cc(73)] ReadMemory at 0x26bd7ccb750 of 132 bytes failed: Ukoñczono tylko czêœæ ¿¹dania ReadProcessMemory lub WriteProcessMemory. (0x12B)
[0813/103058.827:ERROR:process_memory_win.cc(73)] ReadMemory at 0x26bd7ccb880 of 132 bytes failed: Ukoñczono tylko czêœæ ¿¹dania ReadProcessMemory lub WriteProcessMemory. (0x12B)
[0813/103058.827:ERROR:process_memory_win.cc(73)] ReadMemory at 0x26bd7ccb9b0 of 132 bytes failed: Ukoñczono tylko czêœæ ¿¹dania ReadProcessMemory lub WriteProcessMemory. (0x12B)
[0813/103058.827:ERROR:process_memory_win.cc(73)] ReadMemory at 0x26bd7ccbae0 of 132 bytes failed: Ukoñczono tylko czêœæ ¿¹dania ReadProcessMemory lub WriteProcessMemory. (0x12B)
[0813/103058.828:ERROR:process_memory_win.cc(73)] ReadMemory at 0x26bd7ccbc10 of 132 bytes failed: Ukoñczono tylko czêœæ ¿¹dania ReadProcessMemory lub WriteProcessMemory. (0x12B)
[0813/103058.828:ERROR:process_memory_win.cc(73)] ReadMemory at 0x26bd7ccbd40 of 132 bytes failed: Ukoñczono tylko czêœæ ¿¹dania ReadProcessMemory lub WriteProcessMemory. (0x12B)
[0813/103058.828:ERROR:process_memory_win.cc(73)] ReadMemory at 0x26bd7ccbe70 of 132 bytes failed: Ukoñczono tylko czêœæ ¿¹dania ReadProcessMemory lub WriteProcessMemory. (0x12B)
[0813/103058.828:ERROR:process_memory_win.cc(73)] ReadMemory at 0x26bd7ccbfa0 of 132 bytes failed: Ukoñczono tylko czêœæ ¿¹dania ReadProcessMemory lub WriteProcessMemory. (0x12B)
[0813/103058.829:ERROR:process_memory_win.cc(73)] ReadMemory at 0x26bd7ccc0d0 of 132 bytes failed: Ukoñczono tylko czêœæ ¿¹dania ReadProcessMemory lub WriteProcessMemory. (0x12B)
[0813/103058.829:ERROR:process_memory_win.cc(73)] ReadMemory at 0x26bd7ccc200 of 132 bytes failed: Ukoñczono tylko czêœæ ¿¹dania ReadProcessMemory lub WriteProcessMemory. (0x12B)
[0813/103058.829:ERROR:process_memory_win.cc(73)] ReadMemory at 0x26bd7ccc330 of 132 bytes failed: Ukoñczono tylko czêœæ ¿¹dania ReadProcessMemory lub WriteProcessMemory. (0x12B)
[0813/103058.829:ERROR:process_memory_win.cc(73)] ReadMemory at 0x26bd7ccc460 of 132 bytes failed: Ukoñczono tylko czêœæ ¿¹dania ReadProcessMemory lub WriteProcessMemory. (0x12B)
[0813/103058.829:ERROR:process_memory_win.cc(73)] ReadMemory at 0x26bd7cce670 of 80 bytes failed: Ukoñczono tylko czêœæ ¿¹dania ReadProcessMemory lub WriteProcessMemory. (0x12B)
[0813/103058.830:ERROR:process_memory_win.cc(73)] ReadMemory at 0x26bd7cce970 of 76 bytes failed: Ukoñczono tylko czêœæ ¿¹dania ReadProcessMemory lub WriteProcessMemory. (0x12B)
[0813/103058.830:ERROR:process_memory_win.cc(73)] ReadMemory at 0x26bd7ccf390 of 132 bytes failed: Ukoñczono tylko czêœæ ¿¹dania ReadProcessMemory lub WriteProcessMemory. (0x12B)
[0813/103058.830:ERROR:process_memory_win.cc(73)] ReadMemory at 0x26bd7ccf4c0 of 132 bytes failed: Ukoñczono tylko czêœæ ¿¹dania ReadProcessMemory lub WriteProcessMemory. (0x12B)
[0813/103058.830:ERROR:process_memory_win.cc(73)] ReadMemory at 0x26bd7ccf850 of 132 bytes failed: Ukoñczono tylko czêœæ ¿¹dania ReadProcessMemory lub WriteProcessMemory. (0x12B)
[0813/103058.831:ERROR:process_memory_win.cc(73)] ReadMemory at 0x26bd7ccfab0 of 132 bytes failed: Ukoñczono tylko czêœæ ¿¹dania ReadProcessMemory lub WriteProcessMemory. (0x12B)
[0813/103058.831:ERROR:process_memory_win.cc(73)] ReadMemory at 0x26bd7ccfd10 of 132 bytes failed: Ukoñczono tylko czêœæ ¿¹dania ReadProcessMemory lub WriteProcessMemory. (0x12B)
[0813/103058.832:ERROR:process_memory_win.cc(73)] ReadMemory at 0x26bd7cd00a0 of 132 bytes failed: Ukoñczono tylko czêœæ ¿¹dania ReadProcessMemory lub WriteProcessMemory. (0x12B)
[0813/103058.832:ERROR:process_memory_win.cc(73)] ReadMemory at 0x26bd7cd0300 of 132 bytes failed: Ukoñczono tylko czêœæ ¿¹dania ReadProcessMemory lub WriteProcessMemory. (0x12B)
[0813/103058.832:ERROR:process_memory_win.cc(73)] ReadMemory at 0x26bd7cd0430 of 132 bytes failed: Ukoñczono tylko czêœæ ¿¹dania ReadProcessMemory lub WriteProcessMemory. (0x12B)
[0813/103058.833:ERROR:process_memory_win.cc(73)] ReadMemory at 0x26bd7cd0560 of 132 bytes failed: Ukoñczono tylko czêœæ ¿¹dania ReadProcessMemory lub WriteProcessMemory. (0x12B)
[0813/103058.834:ERROR:process_memory_win.cc(73)] ReadMemory at 0x26bd7cd0690 of 132 bytes failed: Ukoñczono tylko czêœæ ¿¹dania ReadProcessMemory lub WriteProcessMemory. (0x12B)
[0813/103058.834:ERROR:process_memory_win.cc(73)] ReadMemory at 0x26bd7cd07c0 of 132 bytes failed: Ukoñczono tylko czêœæ ¿¹dania ReadProcessMemory lub WriteProcessMemory. (0x12B)
[0813/103058.834:ERROR:process_memory_win.cc(73)] ReadMemory at 0x26bd7cd08f0 of 132 bytes failed: Ukoñczono tylko czêœæ ¿¹dania ReadProcessMemory lub WriteProcessMemory. (0x12B)
[0813/103058.834:ERROR:process_memory_win.cc(73)] ReadMemory at 0x26bd7cd4b60 of 132 bytes failed: Ukoñczono tylko czêœæ ¿¹dania ReadProcessMemory lub WriteProcessMemory. (0x12B)
[0813/103058.834:ERROR:process_memory_win.cc(73)] ReadMemory at 0x26bd7cd4d70 of 132 bytes failed: Ukoñczono tylko czêœæ ¿¹dania ReadProcessMemory lub WriteProcessMemory. (0x12B)
[0813/103058.835:ERROR:process_memory_win.cc(73)] ReadMemory at 0x26bd7d14ec0 of 130 bytes failed: Ukoñczono tylko czêœæ ¿¹dania ReadProcessMemory lub WriteProcessMemory. (0x12B)
[0813/103058.835:ERROR:process_memory_win.cc(73)] ReadMemory at 0x26bd7d86790 of 40 bytes failed: Ukoñczono tylko czêœæ ¿¹dania ReadProcessMemory lub WriteProcessMemory. (0x12B)
[0813/103058.835:ERROR:process_memory_win.cc(73)] ReadMemory at 0x26bd81802c0 of 40 bytes failed: Ukoñczono tylko czêœæ ¿¹dania ReadProcessMemory lub WriteProcessMemory. (0x12B)
[0813/103058.836:ERROR:process_memory_win.cc(73)] ReadMemory at 0x7ff9ced433b0 of 40 bytes failed: Ukoñczono tylko czêœæ ¿¹dania ReadProcessMemory lub WriteProcessMemory. (0x12B)
[0813/103058.836:ERROR:process_memory_win.cc(73)] ReadMemory at 0x7ff9fca38cb0 of 40 bytes failed: Ukoñczono tylko czêœæ ¿¹dania ReadProcessMemory lub WriteProcessMemory. (0x12B)
[0813/103058.836:ERROR:process_memory_win.cc(73)] ReadMemory at 0x7ff9ff77f5b0 of 176 bytes failed: Ukoñczono tylko czêœæ ¿¹dania ReadProcessMemory lub WriteProcessMemory. (0x12B)
[0813/103058.836:ERROR:process_memory_win.cc(73)] ReadMemory at 0x7ff9ffd6c428 of 18 bytes failed: Ukoñczono tylko czêœæ ¿¹dania ReadProcessMemory lub WriteProcessMemory. (0x12B)
[0813/103058.836:ERROR:process_memory_win.cc(73)] ReadMemory at 0x7ff9ffd9f4f8 of 40 bytes failed: Ukoñczono tylko czêœæ ¿¹dania ReadProcessMemory lub WriteProcessMemory. (0x12B)
[0813/103058.836:ERROR:process_memory_win.cc(73)] ReadMemory at 0x7ff9ffd9f560 of 48 bytes failed: Ukoñczono tylko czêœæ ¿¹dania ReadProcessMemory lub WriteProcessMemory. (0x12B)
[0813/103058.837:ERROR:process_memory_win.cc(73)] ReadMemory at 0x7ff9ffd9f978 of 48 bytes failed: Ukoñczono tylko czêœæ ¿¹dania ReadProcessMemory lub WriteProcessMemory. (0x12B)
[0813/103058.838:ERROR:process_memory_win.cc(73)] ReadMemory at 0x7ff9ffda3be0 of 40 bytes failed: Ukoñczono tylko czêœæ ¿¹dania ReadProcessMemory lub WriteProcessMemory. (0x12B)
[0813/103058.839:ERROR:process_memory_win.cc(73)] ReadMemory at 0x7ff9ffda3d40 of 336 bytes failed: Ukoñczono tylko czêœæ ¿¹dania ReadProcessMemory lub WriteProcessMemory. (0x12B)
[0813/103058.839:ERROR:process_memory_win.cc(73)] ReadMemory at 0x7ff9ffda53c0 of 64 bytes failed: Ukoñczono tylko czêœæ ¿¹dania ReadProcessMemory lub WriteProcessMemory. (0x12B)
[0813/103058.842:ERROR:scoped_process_suspend.cc(40)] NtResumeProcess: Podjêto próbê uzyskania dostêpu do procesu koñcz¹cego dzia³anie. (0xc000010a)
[0813/103058.843:ERROR:filesystem_win.cc(129)] GetFileAttributes C:\Users\Janek\AppData\Local\Microsoft\Edge Dev\User Data\Crashpad\attachments\d4059b8c-0568-4a3e-85a7-50e3219ec414: System nie mo¿e odnaleŸæ okreœlonej œcie¿ki. (0x3)
[0813/114314.133:ERROR:directory_reader_win.cc(43)] FindFirstFile: System nie mo¿e odnaleŸæ okreœlonej œcie¿ki. (0x3)
[0814/074640.272:ERROR:directory_reader_win.cc(43)] FindFirstFile: System nie mo¿e odnaleŸæ okreœlonej œcie¿ki. (0x3)
[0815/195137.638:ERROR:directory_reader_win.cc(43)] FindFirstFile: System nie mo¿e odnaleŸæ okreœlonej œcie¿ki. (0x3)
